  VoidGame.cpp
E:\Приколюхи с++\VoidGame\VoidGame\Cam.h(9,20): warning C4244: аргумент: преобразование "int" в "float", возможна потеря данных
  (компиляция исходного файла "VoidGame.cpp")
  
E:\Приколюхи с++\VoidGame\VoidGame\Cam.h(9,17): warning C4244: аргумент: преобразование "int" в "float", возможна потеря данных
  (компиляция исходного файла "VoidGame.cpp")
  
E:\Приколюхи с++\VoidGame\VoidGame\VoidGame.cpp(33,64): warning C4244: аргумент: преобразование "int" в "float", возможна потеря данных
E:\Приколюхи с++\VoidGame\VoidGame\VoidGame.cpp(36,68): warning C4244: аргумент: преобразование "int" в "float", возможна потеря данных
E:\Приколюхи с++\VoidGame\VoidGame\VoidGame.cpp(37,76): warning C4244: аргумент: преобразование "int" в "float", возможна потеря данных
E:\Приколюхи с++\VoidGame\VoidGame\VoidGame.cpp(38,73): warning C4244: аргумент: преобразование "int" в "float", возможна потеря данных
E:\Приколюхи с++\VoidGame\VoidGame\VoidGame.cpp(39,76): warning C4244: аргумент: преобразование "int" в "float", возможна потеря данных
E:\Приколюхи с++\VoidGame\VoidGame\VoidGame.cpp(56,53): warning C4244: аргумент: преобразование "int" в "T", возможна потеря данных
E:\Приколюхи с++\VoidGame\VoidGame\VoidGame.cpp(56,53): warning C4244:         with
E:\Приколюхи с++\VoidGame\VoidGame\VoidGame.cpp(56,53): warning C4244:         [
E:\Приколюхи с++\VoidGame\VoidGame\VoidGame.cpp(56,53): warning C4244:             T=float
E:\Приколюхи с++\VoidGame\VoidGame\VoidGame.cpp(56,53): warning C4244:         ]
E:\Приколюхи с++\VoidGame\VoidGame\VoidGame.cpp(56,44): warning C4244: аргумент: преобразование "int" в "T", возможна потеря данных
E:\Приколюхи с++\VoidGame\VoidGame\VoidGame.cpp(56,44): warning C4244:         with
E:\Приколюхи с++\VoidGame\VoidGame\VoidGame.cpp(56,44): warning C4244:         [
E:\Приколюхи с++\VoidGame\VoidGame\VoidGame.cpp(56,44): warning C4244:             T=float
E:\Приколюхи с++\VoidGame\VoidGame\VoidGame.cpp(56,44): warning C4244:         ]
E:\Приколюхи с++\VoidGame\VoidGame\VoidGame.cpp(67,69): warning C4244: аргумент: преобразование "int" в "float", возможна потеря данных
E:\Приколюхи с++\VoidGame\VoidGame\VoidGame.cpp(70,73): warning C4244: аргумент: преобразование "int" в "float", возможна потеря данных
E:\Приколюхи с++\VoidGame\VoidGame\VoidGame.cpp(71,81): warning C4244: аргумент: преобразование "int" в "float", возможна потеря данных
E:\Приколюхи с++\VoidGame\VoidGame\VoidGame.cpp(73,81): warning C4244: аргумент: преобразование "int" в "float", возможна потеря данных
E:\Приколюхи с++\VoidGame\VoidGame\VoidGame.cpp(78,48): warning C4244: аргумент: преобразование "int" в "float", возможна потеря данных
E:\Приколюхи с++\VoidGame\VoidGame\VoidGame.cpp(78,63): warning C4244: аргумент: преобразование "int" в "float", возможна потеря данных
E:\Приколюхи с++\VoidGame\VoidGame\VoidGame.cpp(80,58): warning C4244: аргумент: преобразование "int" в "T", возможна потеря данных
E:\Приколюхи с++\VoidGame\VoidGame\VoidGame.cpp(80,58): warning C4244:         with
E:\Приколюхи с++\VoidGame\VoidGame\VoidGame.cpp(80,58): warning C4244:         [
E:\Приколюхи с++\VoidGame\VoidGame\VoidGame.cpp(80,58): warning C4244:             T=float
E:\Приколюхи с++\VoidGame\VoidGame\VoidGame.cpp(80,58): warning C4244:         ]
E:\Приколюхи с++\VoidGame\VoidGame\VoidGame.cpp(80,49): warning C4244: аргумент: преобразование "int" в "T", возможна потеря данных
E:\Приколюхи с++\VoidGame\VoidGame\VoidGame.cpp(80,49): warning C4244:         with
E:\Приколюхи с++\VoidGame\VoidGame\VoidGame.cpp(80,49): warning C4244:         [
E:\Приколюхи с++\VoidGame\VoidGame\VoidGame.cpp(80,49): warning C4244:             T=float
E:\Приколюхи с++\VoidGame\VoidGame\VoidGame.cpp(80,49): warning C4244:         ]
E:\Приколюхи с++\VoidGame\VoidGame\VoidGame.cpp(82,92): warning C4244: аргумент: преобразование "int" в "float", возможна потеря данных
E:\Приколюхи с++\VoidGame\VoidGame\VoidGame.cpp(83,91): warning C4244: аргумент: преобразование "int" в "float", возможна потеря данных
E:\Приколюхи с++\VoidGame\VoidGame\VoidGame.cpp(84,91): warning C4244: аргумент: преобразование "int" в "float", возможна потеря данных
E:\Приколюхи с++\VoidGame\VoidGame\VoidGame.cpp(85,92): warning C4244: аргумент: преобразование "int" в "float", возможна потеря данных
E:\Приколюхи с++\VoidGame\VoidGame\VoidGame.cpp(158,84): warning C4244: аргумент: преобразование "int" в "float", возможна потеря данных
E:\Приколюхи с++\VoidGame\VoidGame\VoidGame.cpp(159,83): warning C4244: аргумент: преобразование "int" в "float", возможна потеря данных
E:\Приколюхи с++\VoidGame\VoidGame\VoidGame.cpp(160,83): warning C4244: аргумент: преобразование "int" в "float", возможна потеря данных
E:\Приколюхи с++\VoidGame\VoidGame\VoidGame.cpp(161,84): warning C4244: аргумент: преобразование "int" в "float", возможна потеря данных
E:\Приколюхи с++\VoidGame\VoidGame\VoidGame.cpp(166,16): warning C4244: аргумент: преобразование "int" в "float", возможна потеря данных
E:\Приколюхи с++\VoidGame\VoidGame\VoidGame.cpp(166,37): warning C4244: аргумент: преобразование "int" в "float", возможна потеря данных
E:\Приколюхи с++\VoidGame\VoidGame\VoidGame.cpp(166,48): warning C4244: аргумент: преобразование "float" в "int", возможна потеря данных
E:\Приколюхи с++\VoidGame\VoidGame\VoidGame.cpp(166,25): warning C4244: аргумент: преобразование "float" в "int", возможна потеря данных
E:\Приколюхи с++\VoidGame\VoidGame\VoidGame.cpp(195,24): warning C4244: аргумент: преобразование "int" в "float", возможна потеря данных
E:\Приколюхи с++\VoidGame\VoidGame\VoidGame.cpp(195,45): warning C4244: аргумент: преобразование "int" в "float", возможна потеря данных
E:\Приколюхи с++\VoidGame\VoidGame\VoidGame.cpp(195,56): warning C4244: аргумент: преобразование "float" в "int", возможна потеря данных
E:\Приколюхи с++\VoidGame\VoidGame\VoidGame.cpp(195,33): warning C4244: аргумент: преобразование "float" в "int", возможна потеря данных
E:\Приколюхи с++\VoidGame\VoidGame\VoidGame.cpp(248,52): warning C4244: аргумент: преобразование "int" в "float", возможна потеря данных
E:\Приколюхи с++\VoidGame\VoidGame\VoidGame.cpp(248,67): warning C4244: аргумент: преобразование "int" в "float", возможна потеря данных
E:\Приколюхи с++\VoidGame\VoidGame\VoidGame.cpp(260,72): warning C4244: аргумент: преобразование "int" в "float", возможна потеря данных
E:\Приколюхи с++\VoidGame\VoidGame\VoidGame.cpp(260,86): warning C4244: аргумент: преобразование "int" в "float", возможна потеря данных
E:\Приколюхи с++\VoidGame\VoidGame\VoidGame.cpp(261,87): warning C4244: аргумент: преобразование "int" в "float", возможна потеря данных
E:\Приколюхи с++\VoidGame\VoidGame\VoidGame.cpp(266,72): warning C4244: аргумент: преобразование "int" в "float", возможна потеря данных
E:\Приколюхи с++\VoidGame\VoidGame\VoidGame.cpp(266,86): warning C4244: аргумент: преобразование "int" в "float", возможна потеря данных
E:\Приколюхи с++\VoidGame\VoidGame\VoidGame.cpp(267,87): warning C4244: аргумент: преобразование "int" в "float", возможна потеря данных
E:\Приколюхи с++\VoidGame\VoidGame\VoidGame.cpp(275,66): warning C4244: аргумент: преобразование "int" в "float", возможна потеря данных
E:\Приколюхи с++\VoidGame\VoidGame\VoidGame.cpp(275,87): warning C4244: аргумент: преобразование "int" в "float", возможна потеря данных
E:\Приколюхи с++\VoidGame\VoidGame\VoidGame.cpp(276,87): warning C4244: аргумент: преобразование "int" в "float", возможна потеря данных
E:\Приколюхи с++\VoidGame\VoidGame\VoidGame.cpp(281,66): warning C4244: аргумент: преобразование "int" в "float", возможна потеря данных
E:\Приколюхи с++\VoidGame\VoidGame\VoidGame.cpp(281,87): warning C4244: аргумент: преобразование "int" в "float", возможна потеря данных
E:\Приколюхи с++\VoidGame\VoidGame\VoidGame.cpp(282,87): warning C4244: аргумент: преобразование "int" в "float", возможна потеря данных
E:\Приколюхи с++\VoidGame\VoidGame\VoidGame.cpp(292,79): warning C4244: аргумент: преобразование "int" в "float", возможна потеря данных
E:\Приколюхи с++\VoidGame\VoidGame\VoidGame.cpp(292,98): warning C4244: аргумент: преобразование "int" в "float", возможна потеря данных
E:\Приколюхи с++\VoidGame\VoidGame\VoidGame.cpp(293,91): warning C4244: аргумент: преобразование "int" в "float", возможна потеря данных
E:\Приколюхи с++\VoidGame\VoidGame\VoidGame.cpp(295,79): warning C4244: аргумент: преобразование "int" в "float", возможна потеря данных
E:\Приколюхи с++\VoidGame\VoidGame\VoidGame.cpp(295,98): warning C4244: аргумент: преобразование "int" в "float", возможна потеря данных
E:\Приколюхи с++\VoidGame\VoidGame\VoidGame.cpp(296,91): warning C4244: аргумент: преобразование "int" в "float", возможна потеря данных
E:\Приколюхи с++\VoidGame\VoidGame\VoidGame.cpp(302,79): warning C4244: аргумент: преобразование "int" в "float", возможна потеря данных
E:\Приколюхи с++\VoidGame\VoidGame\VoidGame.cpp(302,99): warning C4244: аргумент: преобразование "int" в "float", возможна потеря данных
E:\Приколюхи с++\VoidGame\VoidGame\VoidGame.cpp(303,91): warning C4244: аргумент: преобразование "int" в "float", возможна потеря данных
E:\Приколюхи с++\VoidGame\VoidGame\VoidGame.cpp(305,79): warning C4244: аргумент: преобразование "int" в "float", возможна потеря данных
E:\Приколюхи с++\VoidGame\VoidGame\VoidGame.cpp(305,99): warning C4244: аргумент: преобразование "int" в "float", возможна потеря данных
E:\Приколюхи с++\VoidGame\VoidGame\VoidGame.cpp(306,91): warning C4244: аргумент: преобразование "int" в "float", возможна потеря данных
E:\Приколюхи с++\VoidGame\VoidGame\VoidGame.cpp(391,67): warning C4244: аргумент: преобразование "float" в "int", возможна потеря данных
E:\Приколюхи с++\VoidGame\VoidGame\VoidGame.cpp(391,27): warning C4244: аргумент: преобразование "float" в "int", возможна потеря данных
  VoidGame.vcxproj -> E:\Приколюхи с++\VoidGame\x64\Debug\VoidGame.exe
